Arguments: 
  /usr/local/bin/node /usr/local/bin/yarn

PATH: 
  /usr/local/bin:/usr/local/sbin:/usr/local/bin:/usr/bin:/bin:/usr/sbin:/sbin:/usr/local/sbin

Yarn version: 
  1.22.19

Node version: 
  18.15.0

Platform: 
  darwin x64

Trace: 
  Error: connect ENETUNREACH 104.16.21.35:443 - Local (0.0.0.0:50131)
      at internalConnect (node:net:1066:16)
      at defaultTriggerAsyncIdScope (node:internal/async_hooks:464:18)
      at emitLookup (node:net:1323:9)
      at /usr/local/lib/node_modules/yarn/lib/cli.js:103587:28
      at /usr/local/lib/node_modules/yarn/lib/cli.js:103496:13
      at module.exports.RawTask.call (/usr/local/lib/node_modules/yarn/lib/cli.js:79584:19)
      at flush (/usr/local/lib/node_modules/yarn/lib/cli.js:79666:29)
      at process.processTicksAndRejections (node:internal/process/task_queues:77:11)

npm manifest: 
  {
    "name": "lerigo",
    "version": "1.0.0",
    "scripts": {
      "start": "expo start",
      "android": "expo start --android",
      "ios": "expo start --ios",
      "web": "expo start --web",
      "test": "jest --watchAll"
    },
    "jest": {
      "preset": "jest-expo"
    },
    "dependencies": {
      "@expo/vector-icons": "^13.0.0",
      "@react-navigation/native": "^6.0.2",
      "expo": "~48.0.18",
      "expo-font": "~11.1.1",
      "expo-linking": "~4.0.1",
      "expo-router": "^1.5.2",
      "expo-splash-screen": "~0.18.2",
      "expo-status-bar": "~1.4.4",
      "expo-system-ui": "~2.2.1",
      "expo-web-browser": "~12.1.1",
      "react": "18.2.0",
      "react-dom": "18.2.0",
      "react-native": "0.71.8",
      "react-native-gesture-handler": "~2.9.0",
      "react-native-safe-area-context": "4.5.0",
      "react-native-screens": "~3.20.0",
      "react-native-web": "~0.18.10"
    },
    "devDependencies": {
      "@babel/core": "^7.20.0",
      "@types/react": "~18.0.14",
      "jest": "^29.2.1",
      "jest-expo": "~48.0.0",
      "react-test-renderer": "18.2.0",
      "typescript": "^4.9.4"
    },
    "private": true
  }

yarn manifest: 
  No manifest

Lockfile: 
  No lockfile
